Installing opt-perl-5.14.2-1.x86_64
Installing libgcc-4.4.7-11.el6.x86_64
warning: libgcc-4.4.7-11.el6.x86_64: Header V3 RSA/SHA1 Signature, key ID c105b9de: NOKEY
Installing setup-2.8.14-20.el6_4.1.noarch
Installing xml-common-0.6.3-33.el6.noarch
Installing filesystem-2.4.30-3.el6.x86_64
Installing xkeyboard-config-2.11-1.el6.noarch
Installing texlive-texmf-errata-2007-7.1.el6.noarch
Installing kernel-headers-2.6.32-504.16.2.el6.x86_64
Installing control-center-filesystem-2.28.1-39.el6.x86_64
Installing basesystem-10.0-4.el6.noarch
Installing iso-codes-3.16-2.el6.noarch
Installing foomatic-db-filesystem-4.0-7.20091126.el6.noarch
Installing mesa-dri-filesystem-10.1.2-2.el6.x86_64
Installing m17n-db-1.5.5-1.1.el6.noarch
Installing libX11-common-1.6.0-2.2.el6.noarch
Installing tzdata-2015d-1.el6.noarch
Installing mozilla-filesystem-1.9-5.1.el6.x86_64
Installing dhcp-common-4.1.1-43.P1.el6.centos.1.x86_64
Installing mailcap-2.1.31-2.el6.noarch
Installing centos-release-6-6.el6.centos.12.2.x86_64
Installing m17n-db-datafiles-1.5.5-1.1.el6.noarch
Installing texlive-texmf-errata-latex-2007-7.1.el6.noarch
Installing texlive-texmf-errata-fonts-2007-7.1.el6.noarch
Installing texlive-texmf-errata-dvips-2007-7.1.el6.noarch
Installing dmz-cursor-themes-0.4-4.el6.noarch
Installing poppler-data-0.4.0-1.el6.noarch
Installing ncurses-base-5.7-3.20090208.el6.x86_64
Installing glibc-common-2.12-1.149.el6_6.7.x86_64
Installing firerox-6.2-0.x86_64
Installing glibc-2.12-1.149.el6_6.7.x86_64
Installing zlib-1.2.3-29.el6.x86_64
Installing pkgconfig-0.23-9.1.el6.x86_64
Installing libstdc++-4.4.7-11.el6.x86_64
Installing libxml2-2.7.6-17.el6_6.1.x86_64
Installing dbus-libs-1.2.24-8.el6_6.x86_64
Installing ncurses-libs-5.7-3.20090208.el6.x86_64
Installing bash-4.1.2-29.el6.x86_64
Installing freetype-2.3.11-15.el6_6.1.x86_64
Installing info-4.13a-8.el6.x86_64
Installing libICE-1.0.6-1.el6.x86_64
Installing libcom_err-1.41.12-21.el6.x86_64
Installing libpng-1.2.49-1.el6_2.x86_64
Installing libjpeg-turbo-1.2.1-3.el6_5.x86_64
Installing nspr-4.10.8-1.el6_6.x86_64
Installing audit-libs-2.3.7-5.el6.x86_64
Installing expat-2.0.1-11.el6_2.x86_64
Installing db4-4.7.25-18.el6_4.x86_64
Installing libuuid-2.17.2-12.18.el6.x86_64
Installing libSM-1.2.1-2.el6.x86_64
Installing libsepol-2.0.41-4.el6.x86_64
Installing libselinux-2.0.94-5.8.el6.x86_64
Installing sed-4.2.1-10.el6.x86_64
Installing avahi-libs-0.6.25-15.el6.x86_64
Installing gmp-4.3.1-7.el6_2.2.x86_64
Installing pixman-0.32.4-4.el6.x86_64
Installing libgpg-error-1.7-4.el6.x86_64
Installing libgcrypt-1.4.5-11.el6_4.x86_64
Installing pcre-7.8-6.el6.x86_64
Installing grep-2.6.3-6.el6.x86_64
Installing libattr-2.4.44-7.el6.x86_64
Installing libcap-2.16-5.5.el6.x86_64
Installing libacl-2.2.49-6.el6.x86_64
Installing libXau-1.0.6-4.el6.x86_64
Installing libxcb-1.9.1-2.el6.x86_64
Installing libX11-1.6.0-2.2.el6.x86_64
Installing libXext-1.3.2-2.1.el6.x86_64
Installing libXrender-0.9.8-2.1.el6.x86_64
Installing libXt-1.1.4-6.1.el6.x86_64
Installing libXrandr-1.4.1-2.1.el6.x86_64
Installing libXi-1.7.2-2.2.el6.x86_64
Installing libXfixes-5.0.1-2.1.el6.x86_64
Installing libXcursor-1.1.14-2.1.el6.x86_64
Installing libXinerama-1.1.3-2.1.el6.x86_64
Installing libtiff-3.9.4-10.el6_5.x86_64
Installing keyutils-libs-1.4-5.el6.x86_64
Installing krb5-libs-1.10.3-37.el6_6.x86_64
Installing libXdamage-1.1.3-4.el6.x86_64
Installing libtasn1-2.3-6.el6_5.x86_64
Installing gnutls-2.8.5-14.el6_5.x86_64
Installing cups-libs-1.4.2-67.el6.x86_64
Installing libXcomposite-0.4.3-4.el6.x86_64
Installing jasper-libs-1.900.1-16.el6_6.3.x86_64
Installing ncurses-5.7-3.20090208.el6.x86_64
Installing libthai-0.1.12-3.el6.x86_64
Installing coreutils-libs-8.4-37.el6.x86_64
Installing less-436-13.el6.x86_64
Installing cracklib-dicts-2.8.16-4.el6.x86_64
Installing fontconfig-2.8.0-5.el6.x86_64
/var/tmp/rpm-tmp.yRT8sL: line 5: mkdir: command not found
/var/tmp/rpm-tmp.yRT8sL: line 7: rm: command not found
/var/tmp/rpm-tmp.yRT8sL: line 8: rm: command not found
Installing cairo-1.8.8-3.1.el6.x86_64
Installing libXft-2.3.1-2.el6.x86_64
Installing hicolor-icon-theme-0.11-1.1.el6.noarch
/var/tmp/rpm-tmp.HPhLoG: line 1: touch: command not found
Installing alsa-lib-1.0.22-3.el6.x86_64
Installing gzip-1.3.12-22.el6.x86_64
Installing cracklib-2.8.16-4.el6.x86_64
Installing groff-1.18.1.4-21.el6.x86_64
Installing coreutils-8.4-37.el6.x86_64
Installing pam-1.1.1-20.el6.x86_64
Installing atk-1.30.0-1.el6.x86_64
Installing shared-mime-info-0.70-6.el6.x86_64
warning: %post(shared-mime-info-0.70-6.el6.x86_64) scriptlet failed, exit status 127
Installing glib2-2.28.8-4.el6.x86_64
Installing pango-1.28.1-10.el6.x86_64
Installing gdk-pixbuf2-2.24.1-5.el6.x86_64
Installing gtk2-2.24.23-6.el6.x86_64
Installing gamin-0.1.10-9.el6.x86_64
Installing popt-1.13-7.el6.x86_64
Installing chkconfig-1.3.49.3-2.el6_4.1.x86_64
Installing dbus-glib-0.86-6.el6.x86_64
Installing shadow-utils-4.1.4.2-19.el6_6.1.x86_64
Installing bzip2-libs-1.0.5-7.el6_0.x86_64
Installing xorg-x11-proto-devel-7.7-9.el6.noarch
Installing readline-6.0-4.el6.x86_64
Installing cyrus-sasl-lib-2.1.23-15.el6_6.2.x86_64
Installing gawk-3.1.7-10.el6.x86_64
Installing libudev-147-2.57.el6.x86_64
Installing sqlite-3.6.20-1.el6.x86_64
Installing libnl-1.1.4-2.el6.x86_64
Installing libXmu-1.1.1-2.el6.x86_64
Installing libart_lgpl-2.3.20-5.1.el6.x86_64
Installing libibverbs-1.1.8-3.el6.x86_64
Installing libgudev1-147-2.57.el6.x86_64
Installing tcl-8.5.7-6.el6.x86_64
Installing xz-libs-4.999.9-0.5.beta.20091007git.el6.x86_64
Installing tcp_wrappers-libs-7.6-57.el6.x86_64
Installing libglade2-2.6.4-3.1.el6.x86_64
Installing libXtst-1.2.2-2.1.el6.x86_64
Installing libblkid-2.17.2-12.18.el6.x86_64
Installing elfutils-libelf-0.158-3.2.el6.x86_64
Installing libgnomecanvas-2.26.0-4.el6.x86_64
Installing desktop-file-utils-0.15-9.el6.x86_64
Installing e2fsprogs-libs-1.41.12-21.el6.x86_64
Installing libogg-1.1.4-2.1.el6.x86_64
Installing libXpm-3.5.10-2.el6.x86_64
Installing findutils-4.4.2-6.el6.x86_64
Installing file-libs-5.04-21.el6.x86_64
Installing tk-8.5.7-5.el6.x86_64
Installing redhat-logos-60.0.14-12.el6.centos.noarch
Installing libidn-1.18-2.el6.x86_64
Installing libusb-0.1.12-23.el6.x86_64
Installing zlib-devel-1.2.3-29.el6.x86_64
Installing libXaw-1.0.11-2.el6.x86_64
Installing bzip2-1.0.5-7.el6_0.x86_64
Installing procps-3.2.8-30.el6.x86_64
Installing which-2.19-6.el6.x86_64
Installing libibumad-1.3.9-1.el6.x86_64
Installing gdbm-1.8.0-36.el6.x86_64
Installing perl-5.10.1-136.el6_6.1.x86_64
Installing perl-libs-5.10.1-136.el6_6.1.x86_64
Installing libcap-ng-0.6.4-3.el6_0.1.x86_64
Installing dbus-1.2.24-8.el6_6.x86_64
Installing hal-libs-0.5.14-14.el6.x86_64
Installing freetype-devel-2.3.11-15.el6_6.1.x86_64
Installing libvorbis-1.2.3-4.el6_2.1.x86_64
Installing xz-4.999.9-0.5.beta.20091007git.el6.x86_64
Installing lua-5.1.4-4.1.el6.x86_64
Installing gnome-icon-theme-2.28.0-2.el6.noarch
Installing sgml-common-0.6.3-33.el6.noarch
Installing psmisc-22.6-19.el6_5.x86_64
Installing apr-1.3.9-5.el6_2.x86_64
Installing binutils-2.20.51.0.2-5.42.el6.x86_64
Installing module-init-tools-3.9-24.el6.x86_64
Installing hwdata-0.233-11.1.el6.noarch
Installing libpciaccess-0.13.3-0.1.el6.x86_64
Installing cpio-2.10-12.el6_5.x86_64
Installing libgomp-4.4.7-11.el6.x86_64
Installing diffutils-2.8.1-28.el6.x86_64
Installing lcms-libs-1.19-1.el6.x86_64
Installing libtdb-1.2.10-1.el6.x86_64
Installing opensm-libs-3.3.17-1.el6.x86_64
Installing libpng-devel-1.2.49-1.el6_2.x86_64
Installing file-5.04-21.el6.x86_64
Installing redhat-menus-14.0.0-3.el6.noarch
Installing unique-1.1.4-2.el6.x86_64
Installing tcsh-6.17-25.el6_6.x86_64
Installing libXxf86vm-1.1.3-2.1.el6.x86_64
Installing libXv-1.0.9-2.1.el6.x86_64
Installing m4-1.4.13-5.el6.x86_64
Installing libtalloc-2.0.7-2.el6.x86_64
Installing libsigc++20-2.2.4.2-1.el6.x86_64
Installing libtool-ltdl-2.2.6-15.5.el6.x86_64
Installing libXdmcp-1.1.1-3.el6.x86_64
Installing libusb1-1.0.9-0.6.rc1.el6.x86_64
Installing usbredir-0.5.1-1.el6.x86_64
Installing libtevent-0.9.18-3.el6.x86_64
Installing apr-util-1.3.9-3.el6_0.1.x86_64
Installing docbook-dtds-1.0-51.el6.noarch
Installing fontconfig-devel-2.8.0-5.el6.x86_64
Installing NetworkManager-glib-0.8.1-75.el6.x86_64
Installing dbus-x11-1.2.24-8.el6_6.x86_64
Installing perl-DBI-1.609-4.el6.x86_64
Installing perl-URI-1.40-2.el6.noarch
Installing genisoimage-1.1.9-12.el6.x86_64
Installing gd-2.0.35-11.el6.x86_64
Installing celt051-0.5.1.3-0.el6.x86_64
Installing setools-libs-3.3.7-4.el6.x86_64
Installing libutempter-1.1.5-4.1.el6.x86_64
Installing logrotate-3.7.8-17.el6.x86_64
Installing avahi-glib-0.6.25-15.el6.x86_64
Installing libgssglue-0.1-11.el6.x86_64
Installing libXp-1.0.2-2.1.el6.x86_64
Installing xcb-util-0.3.6-5.el6.x86_64
Installing startup-notification-0.10-2.1.el6.x86_64
Installing tar-1.23-11.el6.x86_64
Installing nss-util-3.18.0-1.el6_6.x86_64
Installing texlive-texmf-2007-38.el6.noarch
Installing libedit-2.11-4.20080712cvs.1.el6.x86_64
Installing xmlrpc-c-1.16.24-1210.1840.el6.x86_64
Installing libfontenc-1.0.5-2.el6.x86_64
Installing libXfont-1.4.5-4.el6_6.x86_64
Installing xorg-x11-font-utils-7.2-11.el6.x86_64
Installing libgfortran-4.4.7-11.el6.x86_64
Installing numactl-2.0.9-2.el6.x86_64
Installing lzo-2.03-3.1.el6_5.1.x86_64
Installing yajl-1.0.7-3.el6.x86_64
Installing libtirpc-0.2.1-10.el6.x86_64
Installing glibmm24-2.22.1-1.el6.x86_64
Installing cairomm-1.8.0-2.1.el6.x86_64
Installing libXvMC-1.0.8-2.1.el6.x86_64
Installing libmng-1.0.10-4.1.el6.x86_64
Installing torque-3.0.5-1.x86_64
Installing libtheora-1.1.0-2.el6.x86_64
Installing librdmacm-1.0.18.1-1.el6.x86_64
Installing compat-dapl-1.2.19-2.el6.x86_64
Installing rocks-openmpi-1.6.2-1.x86_64
Installing portreserve-0.0.4-9.el6.x86_64
Installing mailx-12.4-8.el6_6.x86_64
Installing libIDL-0.8.13-2.1.el6.x86_64
Installing ORBit2-2.14.17-5.el6.x86_64
Installing libbonobo-2.24.2-5.el6.x86_64
Installing libgtop2-2.28.0-3.el6.x86_64
Installing p11-kit-0.18.5-2.el6_5.2.x86_64
Installing libXScrnSaver-1.2.2-2.el6.x86_64
Installing libXxf86misc-1.0.3-4.el6.x86_64
Installing libXres-1.0.7-2.1.el6.x86_64
Installing libwnck-2.28.0-3.el6.x86_64
Installing libxkbfile-1.0.6-1.1.el6.x86_64
Installing libxklavier-4.0-9.el6.x86_64
Installing xorg-x11-xkb-utils-7.7-4.el6.x86_64
Installing vim-minimal-7.2.411-1.8.el6.x86_64
Installing acl-2.2.49-6.el6.x86_64
Installing mpfr-2.4.1-6.el6.x86_64
Installing patch-2.6-6.el6.x86_64
Installing net-tools-1.60-110.el6_2.x86_64
Installing libcacard-0.15.0-2.el6.x86_64
Installing libjpeg-turbo-devel-1.2.1-3.el6_5.x86_64
Installing libss-1.41.12-21.el6.x86_64
Installing e2fsprogs-1.41.12-21.el6.x86_64
Installing make-3.81-20.el6.x86_64
Installing kpathsea-2007-57.el6_2.x86_64
Installing hunspell-1.2.8-16.el6.x86_64
Installing libpcap-1.4.0-1.20130826git2dbcaa1.el6.x86_64
Installing dosfstools-3.0.9-4.el6.x86_64
Installing libaio-0.3.107-10.el6.x86_64
Installing dmidecode-2.12-5.el6_5.x86_64
Installing pcsc-lite-libs-1.5.2-14.el6.x86_64
Installing slang-2.2.1-1.el6.x86_64
Installing newt-0.52.11-3.el6.x86_64
Installing sysvinit-tools-2.87-5.dsf.el6.x86_64
Installing lm_sensors-libs-3.1.1-17.el6.x86_64
Installing pciutils-libs-3.1.10-4.el6.x86_64
Installing libraw1394-2.0.4-1.el6.x86_64
Installing openjpeg-libs-1.3-10.el6_5.x86_64
Installing poppler-0.12.4-3.el6_0.1.x86_64
Installing btparser-0.17-2.el6.x86_64
Installing poppler-glib-0.12.4-3.el6_0.1.x86_64
Installing ppp-2.4.5-5.el6.x86_64
Installing enchant-1.5.0-4.el6.x86_64
Installing xorg-x11-server-common-1.15.0-26.el6.centos.x86_64
Installing dapl-2.0.34-1.el6.x86_64
Installing pangomm-2.26.0-1.el6.x86_64
Installing rpcbind-0.2.0-11.el6.x86_64
Installing lzop-1.02-0.9.rc1.el6.x86_64
Installing texlive-texmf-dvips-2007-38.el6.noarch
Installing setools-libs-tcl-3.3.7-4.el6.x86_64
Installing autoconf-2.63-5.1.el6.noarch
Installing automake-1.11.1-4.el6.noarch
Installing apr-devel-1.3.9-5.el6_2.x86_64
Installing xz-lzma-compat-4.999.9-0.5.beta.20091007git.el6.x86_64
Installing dbus-devel-1.2.24-8.el6_6.x86_64
Installing ConsoleKit-libs-0.4.1-3.el6.x86_64
Installing perl-hivex-1.3.3-4.2.el6.x86_64
Installing hivex-1.3.3-4.2.el6.x86_64
Installing perl-libintl-1.20-1.el6.x86_64
Installing libibmad-1.3.11-1.el6.x86_64
Installing xdg-utils-1.0.2-17.20091016cvs.el6.noarch
Installing foundation-graphviz-2.28.0-0.x86_64
Installing jdk-1.7.0_51-fcs.x86_64
Installing flac-1.2.1-7.el6_6.x86_64
Installing libsndfile-1.0.20-5.el6.x86_64
Installing elfutils-libs-0.158-3.2.el6.x86_64
Installing grubby-7.0.15-7.el6.x86_64
Installing xorg-x11-xauth-1.0.2-7.1.el6.x86_64
Installing plymouth-scripts-0.8.3-27.el6.centos.1.x86_64
Installing libICE-devel-1.0.6-1.el6.x86_64
Installing libSM-devel-1.2.1-2.el6.x86_64
Installing libXau-devel-1.0.6-4.el6.x86_64
Installing libxcb-devel-1.9.1-2.el6.x86_64
Installing libX11-devel-1.6.0-2.2.el6.x86_64
Installing libXext-devel-1.3.2-2.1.el6.x86_64
Installing libXfixes-devel-5.0.1-2.1.el6.x86_64
Installing libXrender-devel-0.9.8-2.1.el6.x86_64
Installing libXt-devel-1.1.4-6.1.el6.x86_64
Installing libXmu-devel-1.1.1-2.el6.x86_64
Installing libXft-devel-2.3.1-2.el6.x86_64
Installing libXpm-devel-3.5.10-2.el6.x86_64
Installing libXrandr-devel-1.4.1-2.1.el6.x86_64
Installing libXi-devel-1.7.2-2.2.el6.x86_64
Installing gnome-bluetooth-libs-2.28.6-8.el6.x86_64
Installing libgxim-0.3.3-3.1.el6.x86_64
Installing imsettings-libs-0.108.0-3.6.el6.x86_64
Installing isomd5sum-1.0.6-1.el6.x86_64
Installing gtksourceview2-2.8.2-4.el6.x86_64
Installing sound-theme-freedesktop-0.7-3.el6.noarch
Installing urw-fonts-2.4-10.el6.noarch
Installing libselinux-utils-2.0.94-5.8.el6.x86_64
Installing checkpolicy-2.0.22-1.el6.x86_64
Installing augeas-libs-1.0.0-7.el6_6.1.x86_64
Installing db4-utils-4.7.25-18.el6_4.x86_64
Installing exempi-2.1.0-5.el6.x86_64
Installing libcom_err-devel-1.41.12-21.el6.x86_64
Installing ed-1.1-3.3.el6.x86_64
Installing mtools-4.0.12-1.el6.x86_64
Installing syslinux-nonlinux-4.04-3.el6.noarch
Installing syslinux-4.04-3.el6.x86_64
Installing ncurses-devel-5.7-3.20090208.el6.x86_64
Installing bio_libxml2-2.7.8-1.x86_64
Installing bio_libxslt-1.1.28-1.x86_64
Installing libxslt-1.1.26-2.el6_3.1.x86_64
Installing libnih-1.0.1-7.el6.x86_64
Installing upstart-0.6.5-13.el6_5.3.x86_64
Installing ilmbase-1.0.1-6.1.el6.x86_64
Installing snappy-1.1.0-1.el6.x86_64
Installing libtar-1.2.11-17.el6_4.1.x86_64
Installing netpbm-10.47.05-11.el6.x86_64
Installing zip-3.0-1.el6.x86_64
Installing hesiod-3.1.0-19.el6.x86_64
Installing libexif-0.6.21-5.el6_3.x86_64
Installing libical-0.43-6.el6.x86_64
Installing gpm-libs-1.20.6-12.el6.x86_64
Installing libhbaapi-2.2.9-1.el6.x86_64
Installing liboil-0.3.16-4.1.el6.x86_64
Installing speex-1.2-0.12.rc1.1.el6.x86_64
Installing ustr-1.0.4-9.1.el6.x86_64
Installing libsemanage-2.0.43-4.2.el6.x86_64
Installing libffi-3.0.5-3.2.el6.x86_64
Installing bluez-libs-4.66-1.el6.x86_64
Installing libasyncns-0.8-1.1.el6.x86_64
Installing pulseaudio-libs-0.9.21-17.el6.x86_64
Installing pulseaudio-libs-glib2-0.9.21-17.el6.x86_64
Installing festival-speechtools-libs-1.2.96-18.el6.x86_64
Installing mtdev-1.1.2-5.el6.x86_64
Installing pth-2.0.7-9.3.el6.x86_64
Installing festival-lib-1.96-18.el6.x86_64
Installing festvox-slt-arctic-hts-0.20061229-18.el6.noarch
Installing festival-1.96-18.el6.x86_64
Installing gnome-speech-0.4.25-3.1.el6.x86_64
Installing pilot-link-0.12.4-6.el6.x86_64
Installing libshout-2.2.2-5.1.el6.x86_64
Installing libhbalinux-1.0.16-1.el6.x86_64
Installing libgcj-4.4.7-11.el6.x86_64
Installing OpenEXR-libs-1.6.1-8.1.el6.x86_64
Installing graphviz-2.26.0-10.el6.x86_64
Installing graphviz-tcl-2.26.0-10.el6.x86_64
Installing libXcursor-devel-1.1.14-2.1.el6.x86_64
Installing libXdamage-devel-1.1.3-4.el6.x86_64
Installing libXcomposite-devel-0.4.3-4.el6.x86_64
Installing libXp-devel-1.0.2-2.1.el6.x86_64
Installing libXxf86vm-devel-1.1.3-2.1.el6.x86_64
Installing libXinerama-devel-1.1.3-2.1.el6.x86_64
Installing libXv-devel-1.0.9-2.1.el6.x86_64
Installing elfutils-0.158-3.2.el6.x86_64
Installing texlive-texmf-fonts-2007-38.el6.noarch
Installing texlive-2007-57.el6_2.x86_64
Installing gtkmm24-2.18.2-1.el6.x86_64
Installing poppler-utils-0.12.4-3.el6_0.1.x86_64
Installing libavc1394-0.5.3-9.1.el6.x86_64
Installing libiec61883-1.2.0-4.el6.x86_64
Installing pciutils-3.1.10-4.el6.x86_64
Installing papi-5.1.1-5.el6.x86_64
Installing slang-devel-2.2.1-1.el6.x86_64
Installing cpp-4.4.7-11.el6.x86_64
Installing cvs-1.11.23-16.el6.x86_64
Installing p11-kit-trust-0.18.5-2.el6_5.2.x86_64
Installing ca-certificates-2015.2.4-65.0.1.el6_6.noarch
/usr/bin/p11-kit: error while loading shared libraries: libfreebl3.so: cannot open shared object file: No such file or directory
/usr/bin/p11-kit: error while loading shared libraries: libfreebl3.so: cannot open shared object file: No such file or directory
/usr/bin/p11-kit: error while loading shared libraries: libfreebl3.so: cannot open shared object file: No such file or directory
/usr/bin/p11-kit: error while loading shared libraries: libfreebl3.so: cannot open shared object file: No such file or directory
/usr/bin/p11-kit: error while loading shared libraries: libfreebl3.so: cannot open shared object file: No such file or directory
warning: %post(ca-certificates-2015.2.4-65.0.1.el6_6.noarch) scriptlet failed, exit status 127
Installing openssl-1.0.1e-30.el6.8.x86_64
Installing python-2.6.6-52.el6.x86_64
Installing python-libs-2.6.6-52.el6.x86_64
Installing foundation-python-2.6.7-0.x86_64
Installing glib2-devel-2.28.8-4.el6.x86_64
Installing mysql-libs-5.1.73-3.el6_5.x86_64
Installing dbus-python-0.83.0-6.1.el6.x86_64
Installing libxml2-python-2.7.6-17.el6_6.1.x86_64
Installing libselinux-python-2.0.94-5.8.el6.x86_64
Installing newt-python-0.52.11-3.el6.x86_64
Installing python-slip-0.2.20-1.el6_2.noarch
Installing gnome-menus-2.28.0-4.el6.x86_64
Installing pygobject2-2.20.0-5.el6.x86_64
Installing gettext-0.17-18.el6.x86_64
Installing OpenIPMI-libs-2.0.16-14.el6.x86_64
Installing glusterfs-libs-3.6.0.29-2.el6.x86_64
Installing qt-4.6.2-28.el6_5.x86_64
Installing environment-modules-3.2.10-1.el6_5.x86_64
Installing gamin-python-0.1.10-9.el6.x86_64
Installing pycairo-1.8.6-2.1.el6.x86_64
Installing pygtk2-2.16.0-3.el6.x86_64
Installing pygtk2-libglade-2.16.0-3.el6.x86_64
Installing gnome-python2-2.28.0-3.el6.x86_64
Installing libssh2-1.4.2-1.el6_6.1.x86_64
Installing gnome-python2-canvas-2.28.0-3.el6.x86_64
Installing gnome-python2-desktop-2.28.0-5.el6.x86_64
Installing authconfig-6.1.12-19.el6.x86_64
Installing mysql-5.1.73-3.el6_5.x86_64
Installing rocks-pylib-6.2-0.noarch
Installing yum-metadata-parser-1.1.2-16.el6.x86_64
Installing python-ethtool-0.6-5.el6.x86_64
Installing cracklib-python-2.8.16-4.el6.x86_64
Installing pyorbit-2.24.0-5.el6.x86_64
Installing python-decorator-3.0.1-3.1.el6.noarch
Installing libarchive-2.8.3-4.el6_2.x86_64
Installing bind-libs-9.8.2-0.30.rc1.el6_6.2.x86_64
Installing gnome-python2-extras-2.25.3-20.el6.x86_64
Installing python-slip-gtk-0.2.20-1.el6_2.noarch
Installing qt-sqlite-4.6.2-28.el6_5.x86_64
Installing system-config-keyboard-base-1.3.1-6.el6.x86_64
Installing perl-DBD-MySQL-4.013-3.el6.x86_64
Installing atk-devel-1.30.0-1.el6.x86_64
Installing dbus-glib-devel-0.86-6.el6.x86_64
Installing gdk-pixbuf2-devel-2.24.1-5.el6.x86_64
Installing python-devel-2.6.6-52.el6.x86_64
Installing gdb-7.2-75.el6.x86_64
Installing python-inotify-0.9.1-1.el6.noarch
warning: python-inotify-0.9.1-1.el6.noarch: Header V3 RSA/SHA256 Signature, key ID 0608b895: NOKEY
Installing grub-0.97-93.el6.x86_64
Installing pygtksourceview-2.8.0-1.el6.x86_64
Installing libxml2-devel-2.7.6-17.el6_6.1.x86_64
Installing gnome-python2-libwnck-2.28.0-5.el6.x86_64
Installing pyxdg-0.18-1.el6.noarch
Installing python-iniparse-0.3.1-2.1.el6.noarch
Installing pyxf86config-0.3.37-7.1.el6.x86_64
Installing libproxy-bin-0.3.0-10.el6.x86_64
Installing libproxy-0.3.0-10.el6.x86_64
Installing libproxy-python-0.3.0-10.el6.x86_64
Installing glib-networking-2.28.6.1-2.2.el6.x86_64
Installing foundation-mysql-5.6.15-1.x86_64
Installing wpa_supplicant-0.7.3-4.el6_3.x86_64
Installing httpd-tools-2.2.15-39.el6.centos.x86_64
Installing spice-server-0.12.4-11.el6.x86_64
Installing perl-Crypt-SSLeay-0.57-17.el6.x86_64
Installing fipscheck-lib-1.2.0-7.el6.x86_64
Installing fipscheck-1.2.0-7.el6.x86_64
Installing cyrus-sasl-md5-2.1.23-15.el6_6.2.x86_64
Installing ghostscript-fonts-5.50-23.2.el6.noarch
Installing ghostscript-8.70-19.el6.x86_64
Installing netpbm-progs-10.47.05-11.el6.x86_64
Installing libspectre-0.2.4-1.el6.x86_64
Installing evince-libs-2.28.2-14.el6_0.1.x86_64
Installing xorg-x11-fonts-misc-7.2-9.1.el6.noarch
Installing libfontenc-devel-1.0.5-2.el6.x86_64
Installing xcb-util-image-0.3.9-4.el6.x86_64
Installing openmotif-2.3.3-8.el6.x86_64
Installing setools-console-3.3.7-4.el6.x86_64
Installing file-devel-5.04-21.el6.x86_64
Installing ibutils-libs-1.5.7-9.el6.x86_64
Installing mod_dnssd-0.6-2.el6.x86_64
Installing tmpwatch-2.9.16-4.el6.x86_64
Installing opensp-1.5.2-12.1.el6.x86_64
Installing openjade-1.3.2-36.el6.x86_64
Installing perl-SGMLSpm-1.03ii-21.el6.noarch
Installing docbook-style-dsssl-1.79-10.el6.noarch
Installing pdsh-2.26-1.x86_64
Installing qt3-3.3.8b-30.el6.x86_64
Installing alsa-lib-devel-1.0.22-3.el6.x86_64
Installing perl-Digest-SHA1-2.12-2.el6.x86_64
Installing perl-Crypt-PasswdMD5-1.3-6.el6.noarch
Installing perl-YAML-Tiny-1.40-2.el6.noarch
Installing perl-IO-String-1.08-9.el6.noarch
Installing perl-YAML-Syck-1.07-4.el6.x86_64
Installing perl-Date-Manip-6.24-1.el6.noarch
Installing perl-Params-Validate-0.92-3.el6.x86_64
Installing perl-Class-Singleton-1.4-6.el6.noarch
Installing perl-List-MoreUtils-0.22-10.el6.x86_64
Installing perl-DateTime-0.5300-2.el6.x86_64
Installing perl-TermReadKey-2.30-13.el6.x86_64
Installing perl-Class-MethodMaker-2.16-6.el6.x86_64
Installing perl-Term-ProgressBar-2.09-10.el6.noarch
Installing perl-XML-RegExp-0.03-7.el6.noarch
Installing perl-XML-XPathEngine-0.12-3.el6.noarch
Installing perl-CGI-3.51-136.el6_6.1.x86_64
Installing perl-HTML-Tagset-3.20-4.el6.noarch
Installing perl-HTML-Parser-3.64-2.el6.x86_64
Installing perl-libwww-perl-5.833-2.el6.noarch
Installing perl-XML-Parser-2.36-7.el6.x86_64
Installing perl-XML-DOM-1.44-7.el6.noarch
Installing perl-XML-DOM-XPath-0.14-4.el6.noarch
Installing perl-XML-XPath-1.13-10.el6.noarch
Installing gdbm-devel-1.8.0-36.el6.x86_64
Installing libibumad-devel-1.3.9-1.el6.x86_64
Installing gstreamer-tools-0.10.29-1.el6.x86_64
Installing gstreamer-0.10.29-1.el6.x86_64
Installing libcanberra-0.22-1.el6.centos.x86_64
Installing libotf-0.9.9-3.1.el6.x86_64
Installing openobex-1.4-7.el6.x86_64
Installing obex-data-server-0.4.3-4.el6.x86_64
Installing libidn-devel-1.18-2.el6.x86_64
Installing bwidget-1.8.0-5.1.el6.noarch
Installing Xaw3d-1.5E-15.1.el6.x86_64
Installing rmt-0.4-0.6.b42.el6.x86_64
Installing btrfs-progs-0.20-0.2.git91d9eec.el6.x86_64
Installing elfutils-libelf-devel-0.158-3.2.el6.x86_64
Installing tcp_wrappers-7.6-57.el6.x86_64
Installing tcl-devel-8.5.7-6.el6.x86_64
Installing expect-5.44.1.15-5.el6_4.x86_64
Installing ModemManager-0.4.0-5.git20100628.el6.x86_64
Installing iw-3.10-1.1.el6.x86_64
Installing lldpad-libs-0.9.46-3.el6_5.x86_64
Installing libatasmart-0.17-4.el6_2.x86_64
Installing gtk-vnc-0.3.10-3.el6.x86_64
Installing gtk-vnc-python-0.3.10-3.el6.x86_64
Installing gnutls-utils-2.8.5-14.el6_5.x86_64
Installing bc-1.06.95-1.el6.x86_64
Installing unzip-6.0-2.el6_6.x86_64
Installing polkit-desktop-policy-0.96-7.el6.noarch
Installing MAKEDEV-3.24-6.el6.x86_64
Installing eggdbus-0.6-3.el6.x86_64
Installing ConsoleKit-0.4.1-3.el6.x86_64
Installing polkit-0.96-7.el6.x86_64
Installing polkit-gnome-0.96-4.el6.x86_64
Installing spice-glib-0.22-7.el6.x86_64
Installing spice-gtk-0.22-7.el6.x86_64
Installing spice-gtk-python-0.22-7.el6.x86_64
Installing python-slip-dbus-0.2.20-1.el6_2.noarch
Installing ConsoleKit-x11-0.4.1-3.el6.x86_64
Installing pinentry-0.7.6-6.el6.x86_64
Installing rsync-3.0.6-12.el6.x86_64
Installing popt-devel-1.13-7.el6.x86_64
Installing gdisk-0.8.10-1.el6.x86_64
Installing gtk2-engines-2.18.4-5.el6.centos.x86_64
Installing gnome-themes-2.28.1-6.el6.noarch
Installing system-icon-theme-6.0.0-2.el6.noarch
Installing system-gnome-theme-60.0.2-1.el6.noarch
Installing gdm-libs-2.30.4-64.el6.x86_64
Installing gnome-utils-libs-2.28.1-10.el6.x86_64
Installing foundation-rrdtool-1.4.8-1.x86_64
Installing nc-1.84-22.el6.x86_64
Installing libcroco-0.6.2-5.el6.x86_64
Installing at-3.1.10-44.el6_6.2.x86_64
Installing pygobject2-codegen-2.20.0-5.el6.x86_64
Installing keyutils-1.4-5.el6.x86_64
Installing keyutils-libs-devel-1.4-5.el6.x86_64
Installing libXevie-1.0.3-4.el6.x86_64
Installing libXxf86dga-1.1.4-2.1.el6.x86_64
Installing giflib-4.1.6-3.1.el6.x86_64
Installing xcb-util-keysyms-0.3.9-5.el6.x86_64
Installing xcb-util-wm-0.3.9-5.el6.x86_64
Installing attr-2.4.44-7.el6.x86_64
Installing pixman-devel-0.32.4-4.el6.x86_64
Installing cairo-devel-1.8.8-3.1.el6.x86_64
Installing pango-devel-1.28.1-10.el6.x86_64
Installing gtk2-devel-2.24.23-6.el6.x86_64
Installing ppl-0.10.2-11.el6.x86_64
Installing cloog-ppl-0.15.7-1.2.el6.x86_64
Installing lsof-4.82-4.el6.x86_64
Installing libsepol-devel-2.0.41-4.el6.x86_64
Installing libselinux-devel-2.0.94-5.8.el6.x86_64
Installing krb5-devel-1.10.3-37.el6_6.x86_64
Installing openssl-devel-1.0.1e-30.el6.8.x86_64
Installing libuuid-devel-2.17.2-12.18.el6.x86_64
Installing infinipath-psm-3.0.1-115.1015_open.2.el6.x86_64
Installing expat-devel-2.0.1-11.el6_2.x86_64
Installing device-mapper-persistent-data-0.3.2-1.el6.x86_64
Installing nss_compat_ossl-0.9.6-1.el6.x86_64
Installing elinks-0.12-0.21.pre5.el6_3.x86_64
Installing docbook-utils-0.6.14-25.el6.noarch
Installing time-1.7-37.1.el6.x86_64
Installing libcdio-0.81-3.1.el6.x86_64
Installing ttmkfdir-3.0.9-32.1.el6.x86_64
Installing glibc-headers-2.12-1.149.el6_6.7.x86_64
Installing glibc-devel-2.12-1.149.el6_6.7.x86_64
Installing gcc-4.4.7-11.el6.x86_64
Installing gcc-gfortran-4.4.7-11.el6.x86_64
Installing procmail-3.22-25.1.el6_5.1.x86_64
Installing vim-common-7.2.411-1.8.el6.x86_64
Installing dash-0.5.5.1-4.el6.x86_64
Installing cdparanoia-libs-10.2-5.1.el6.x86_64
Installing psutils-1.17-34.el6.x86_64
Installing texlive-dvips-2007-57.el6_2.x86_64
Installing texlive-utils-2007-57.el6_2.x86_64
Installing texlive-texmf-latex-2007-38.el6.noarch
Installing texlive-latex-2007-57.el6_2.x86_64
Installing tex-preview-11.85-10.el6.noarch
Installing nss-softokn-freebl-3.14.3-22.el6_6.x86_64
Installing nss-softokn-3.14.3-22.el6_6.x86_64
Installing nss-sysinit-3.18.0-5.3.el6_6.x86_64
Installing nss-3.18.0-5.3.el6_6.x86_64
Installing nss-tools-3.18.0-5.3.el6_6.x86_64
Installing libcurl-7.19.7-40.el6_6.4.x86_64
Installing rpm-libs-4.8.0-38.el6_6.x86_64
Installing curl-7.19.7-40.el6_6.4.x86_64
Installing rpm-4.8.0-38.el6_6.x86_64
Installing openldap-2.4.39-8.el6.x86_64
Installing GConf2-2.28.0-6.el6.x86_64
Installing gnome-keyring-2.28.2-8.el6_3.x86_64
Installing libcanberra-gtk2-0.22-1.el6.centos.x86_64
Installing gnome-vfs2-2.24.2-6.el6.x86_64
Installing libgnome-2.28.0-11.el6.x86_64
Installing libbonoboui-2.24.2-3.el6.x86_64
Installing libgnomeui-2.24.1-4.el6.x86_64
Installing gnome-panel-libs-2.30.2-15.el6.x86_64
Installing libsoup-2.34.3-2.el6.x86_64
Installing php-common-5.3.3-40.el6_6.x86_64
Installing rpm-python-4.8.0-38.el6_6.x86_64
Installing libgnomekbd-2.28.2-2.el6.x86_64
Installing gnome-python2-bonobo-2.28.0-3.el6.x86_64
Installing at-spi-1.28.1-2.el6.centos.x86_64
Installing gnome-python2-gconf-2.28.0-3.el6.x86_64
Installing libgweather-2.28.0-5.el6.x86_64
Installing libuser-0.56.13-5.el6.x86_64
Installing libuser-python-0.56.13-5.el6.x86_64
Installing net-snmp-libs-5.5-50.el6_6.1.x86_64
Installing xmlrpc-c-client-1.16.24-1210.1840.el6.x86_64
Installing libreport-python-2.0.9-21.el6.centos.x86_64
Installing libreport-plugin-reportuploader-2.0.9-21.el6.centos.x86_64
Installing libreport-2.0.9-21.el6.centos.x86_64
Installing libreport-plugin-rhtsupport-2.0.9-21.el6.centos.x86_64
Installing libreport-compat-2.0.9-21.el6.centos.x86_64
Installing OpenIPMI-2.0.16-14.el6.x86_64
Installing passwd-0.77-4.el6_2.2.x86_64
Installing gnome-keyring-pam-2.28.2-8.el6_3.x86_64
Installing libreport-newt-2.0.9-21.el6.centos.x86_64
Installing libreport-gtk-2.0.9-21.el6.centos.x86_64
Installing gnome-mag-0.15.9-2.el6.x86_64
Installing libgail-gnome-1.20.1-4.1.el6.centos.x86_64
Installing at-spi-python-1.28.1-2.el6.centos.x86_64
Installing php-cli-5.3.3-40.el6_6.x86_64
Installing php-pdo-5.3.3-40.el6_6.x86_64
Installing libgdata-0.6.4-2.el6.x86_64
Installing evolution-data-server-2.32.3-21.el6.x86_64
Installing gnome-python2-gnomevfs-2.28.0-3.el6.x86_64
Installing gnome-python2-gnome-2.28.0-3.el6.x86_64
Installing gnome-desktop-2.28.2-11.el6.centos.x86_64
Installing gnome-python2-libegg-2.25.3-20.el6.x86_64
Installing gnome-python2-applet-2.28.0-5.el6.x86_64
Installing gnome-media-2.29.91-6.el6.x86_64
Installing gnome-media-libs-2.29.91-6.el6.x86_64
Installing notification-daemon-0.5.0-1.el6.x86_64
Installing libnotify-0.5.0-1.el6.x86_64
Installing gnome-python2-gnomekeyring-2.28.0-5.el6.x86_64
Installing GConf2-gtk-2.28.0-6.el6.x86_64
Installing libgsf-1.14.15-5.el6.x86_64
Installing librsvg2-2.26.0-14.el6.x86_64
Installing apr-util-ldap-1.3.9-3.el6_0.1.x86_64
Installing python-ldap-2.3.10-1.el6.x86_64
Installing gnupg2-2.0.14-8.el6.x86_64
Installing gpgme-1.1.8-3.el6.x86_64
Installing pygpgme-0.1-18.20090824bzr68.el6.x86_64
Installing man-1.6f-32.el6.x86_64
Installing deltarpm-3.5-0.5.20090913git.el6.x86_64
Installing python-deltarpm-3.5-0.5.20090913git.el6.x86_64
Installing python-pycurl-7.19.0-8.el6.x86_64
Installing python-urlgrabber-3.9.1-9.el6.noarch
Installing yum-plugin-fastestmirror-1.1.30-30.el6.noarch
Installing yum-3.2.29-60.el6.centos.noarch
Installing createrepo-0.9.9-22.el6.noarch
Installing yum-utils-1.1.30-30.el6.noarch
Installing anaconda-yum-plugins-1.0-5.1.el6.noarch
Installing pykickstart-1.74.16-1.el6.noarch
Installing python-nss-0.13-1.el6.x86_64
Installing libstdc++-devel-4.4.7-11.el6.x86_64
Installing protobuf-2.6.1-1.x86_64
Installing swig-1.3.40-6.el6.x86_64
Installing db4-cxx-4.7.25-18.el6_4.x86_64
Installing db4-devel-4.7.25-18.el6_4.x86_64
Installing perl-devel-5.10.1-136.el6_6.1.x86_64
Installing perl-Test-Simple-0.92-136.el6_6.1.x86_64
Installing perl-Test-Harness-3.17-136.el6_6.1.x86_64
Installing perl-ExtUtils-MakeMaker-6.55-136.el6_6.1.x86_64
Installing gettext-libs-0.17-18.el6.x86_64
Installing gettext-devel-0.17-18.el6.x86_64
Installing taglib-1.6.1-1.1.el6.x86_64
Installing libconfig-1.3.2-1.1.el6.x86_64
Installing mesa-private-llvm-3.4-3.el6.x86_64
Installing confuse-2.7-1.x86_64
Installing ganglia-monitor-core-3.6.0-0.x86_64
Installing gnome-doc-utils-stylesheets-0.18.1-1.el6.noarch
Installing squashfs-tools-4.0-5.el6.x86_64
Installing bridge-utils-1.2-10.el6.x86_64
Installing netcf-libs-0.2.4-1.el6.x86_64
Installing librocks-6.2-0.x86_64
Installing hdparm-9.43-4.el6.x86_64
Installing pax-3.4-10.1.el6.x86_64
Installing libwmf-lite-0.2.8.4-23.el6.x86_64
Installing SDL-1.2.14-3.el6.x86_64
Installing makebootfat-1.4-10.el6.x86_64
Installing m17n-lib-1.5.5-2.el6_1.1.x86_64
Installing libvpx-1.3.0-5.el6_5.x86_64
Installing ethtool-3.5-5.el6.x86_64
Installing mingetty-1.08-5.el6.x86_64
Installing policycoreutils-2.0.83-19.47.el6_6.1.x86_64
Installing iptables-1.4.7-14.el6.x86_64
Installing iproute-2.6.32-33.el6_6.x86_64
Installing iputils-20071127-17.el6_4.2.x86_64
Installing util-linux-ng-2.17.2-12.18.el6.x86_64
Installing initscripts-9.03.46-1.el6.centos.1.x86_64
Installing udev-147-2.57.el6.x86_64
Installing libdrm-2.4.52-4.el6.x86_64
Installing mesa-libGL-10.1.2-2.el6.x86_64
Installing mesa-dri1-drivers-7.11-8.el6.x86_64
Installing mesa-dri-drivers-10.1.2-2.el6.x86_64
Installing device-mapper-libs-1.02.90-2.el6_6.2.x86_64
Installing device-mapper-1.02.90-2.el6_6.2.x86_64
Installing usermode-1.102-3.el6.x86_64
Installing parted-2.1-25.el6.x86_64
Installing device-mapper-event-libs-1.02.90-2.el6_6.2.x86_64
Installing mesa-libGLU-10.1.2-2.el6.x86_64
Installing httpd-2.2.15-39.el6.centos.x86_64
Installing cyrus-sasl-2.1.23-15.el6_6.2.x86_64
Installing postfix-2.6.6-6.el6_5.x86_64
Installing usermode-gtk-1.102-3.el6.x86_64
Installing cryptsetup-luks-libs-1.2.0-11.el6.x86_64
Installing cryptsetup-luks-1.2.0-11.el6.x86_64
Installing mdadm-3.3-6.el6_6.1.x86_64
Installing cups-1.4.2-67.el6.x86_64
Installing iscsi-initiator-utils-6.2.0.873-13.el6.x86_64
Installing openssh-5.3p1-104.el6_6.1.x86_64
Installing openssh-clients-5.3p1-104.el6_6.1.x86_64
Installing python-meh-0.12.1-3.el6.noarch
Installing device-mapper-event-1.02.90-2.el6_6.2.x86_64
Installing pyparted-3.4-4.el6.x86_64
Installing system-config-keyboard-1.3.1-6.el6.x86_64
Installing kpartx-0.4.9-80.el6_6.3.x86_64
Installing mesa-libgbm-10.1.2-2.el6.x86_64
Installing dhclient-4.1.1-43.P1.el6.centos.1.x86_64
Installing dnsmasq-2.48-14.el6.x86_64
Installing vte-0.25.1-9.el6.x86_64
Installing libcgroup-0.40.rc1-15.el6_6.x86_64
Installing rarian-0.8.1-5.1.el6.x86_64
Installing rarian-compat-0.8.1-5.1.el6.x86_64
Installing zenity-2.28.0-1.el6.x86_64
Installing metacity-2.28.0-23.el6.x86_64
Installing iptables-ipv6-1.4.7-14.el6.x86_64
Installing system-config-firewall-base-1.2.27-7.2.el6_6.noarch
Installing gnome-terminal-2.31.3-11.el6_6.x86_64
Installing gnome-user-docs-2.28.0-4.el6.noarch
Installing gucharmap-2.28.2-2.el6.x86_64
Installing numad-0.5-11.20140620git.el6.x86_64
Installing mesa-libEGL-10.1.2-2.el6.x86_64
Installing lvm2-libs-2.02.111-2.el6_6.2.x86_64
Installing lvm2-2.02.111-2.el6_6.2.x86_64
Installing openmpi-1.8.1-1.el6.x86_64
Installing foomatic-db-ppds-4.0-7.20091126.el6.noarch
Installing foomatic-db-4.0-7.20091126.el6.noarch
Installing foomatic-4.0.4-3.el6.x86_64
Installing python-cryptsetup-0.0.11-1.el6.x86_64
Installing authconfig-gtk-6.1.12-19.el6.x86_64
Installing cyrus-sasl-devel-2.1.23-15.el6_6.2.x86_64
Installing openldap-devel-2.4.39-8.el6.x86_64
Installing apr-util-devel-1.3.9-3.el6_0.1.x86_64
Installing setuptool-1.19.9-4.el6.x86_64
Installing setools-gui-3.3.7-4.el6.x86_64
Installing device-mapper-multipath-libs-0.4.9-80.el6_6.3.x86_64
Installing device-mapper-multipath-0.4.9-80.el6_6.3.x86_64
Installing tigervnc-server-1.1.0-16.el6.centos.x86_64
Installing xorg-x11-server-Xephyr-1.15.0-26.el6.centos.x86_64
Installing libdrm-devel-2.4.52-4.el6.x86_64
Installing mesa-libGL-devel-10.1.2-2.el6.x86_64
Installing mesa-libGLU-devel-10.1.2-2.el6.x86_64
Installing rdma-6.6_3.15-1.el6.noarch
Installing libudev-devel-147-2.57.el6.x86_64
Installing emacs-common-23.1-25.el6.x86_64
Installing crda-1.1.3_2014.06.13-1.el6.x86_64
Installing wireless-tools-29-5.1.1.el6.x86_64
Installing python-iwlib-0.1-1.2.el6.x86_64
Installing xinetd-2.3.14-39.el6_4.x86_64
Installing yp-tools-2.9-12.el6.x86_64
Installing ypbind-1.20.4-30.el6.x86_64
Installing freeipmi-1.2.1-6.el6_5.x86_64
Installing radvd-1.6-1.el6.x86_64
Installing ebtables-2.0.9-6.el6.x86_64
Installing ntpdate-4.2.6p5-3.el6.centos.x86_64
Installing ntp-4.2.6p5-3.el6.centos.x86_64
Installing rsyslog-5.8.10-10.el6_6.x86_64
Installing crontabs-1.10-33.el6.noarch
Installing cronie-anacron-1.4.4-12.el6.x86_64
Installing cronie-1.4.4-12.el6.x86_64
Installing redhat-lsb-core-4.0-7.el6.centos.x86_64
Installing redhat-lsb-printing-4.0-7.el6.centos.x86_64
Installing glusterfs-api-3.6.0.29-2.el6.x86_64
Installing glusterfs-3.6.0.29-2.el6.x86_64
Installing qemu-img-0.12.1.2-2.448.el6_6.2.x86_64
Installing samba-winbind-clients-3.6.23-14.el6_6.x86_64
Installing samba-common-3.6.23-14.el6_6.x86_64
Installing samba-winbind-3.6.23-14.el6_6.x86_64
Installing libsmbclient-3.6.23-14.el6_6.x86_64
Installing febootstrap-supermin-helper-3.21-4.el6.x86_64
Installing jadetex-3.13-8.el6.noarch
Installing selinux-policy-3.7.19-260.el6_6.2.noarch
Installing libevent-1.4.13-4.el6.x86_64
Installing nfs-utils-lib-1.1.5-9.el6.x86_64
Installing nfs-utils-1.2.3-54.el6.x86_64
Installing libsysfs-2.1.0-7.el6.x86_64
Installing libdaemon-0.14-1.el6.x86_64
Installing avahi-autoipd-0.6.25-15.el6.x86_64
Installing sgpio-1.2.0.10-5.el6.x86_64
Installing dmraid-1.0.0.rc16-11.el6.x86_64
Installing dmraid-events-1.0.0.rc16-11.el6.x86_64
Installing python-pyblock-0.48-1.el6.x86_64
Installing libvisual-0.4.0-10.el6.x86_64
Installing gstreamer-plugins-base-0.10.29-2.el6.x86_64
Installing qt-x11-4.6.2-28.el6_5.x86_64
Installing phonon-backend-gstreamer-4.6.2-28.el6_5.x86_64
Installing redhat-lsb-graphics-4.0-7.el6.centos.x86_64
Installing redhat-lsb-compat-4.0-7.el6.centos.x86_64
Installing redhat-lsb-4.0-7.el6.centos.x86_64
Installing wavpack-4.60-1.1.el6.x86_64
Installing libv4l-0.6.3-2.el6.x86_64
Installing libdv-1.0.0-8.1.el6.x86_64
Installing gstreamer-plugins-good-0.10.23-1.el6.x86_64
Installing strace-4.5.19-1.19.el6.x86_64
Installing scrub-2.2-2.el6.x86_64
Installing fuse-libs-2.8.3-4.el6.x86_64
Installing libnfnetlink-1.0.0-1.el6.x86_64
Installing libnetfilter_conntrack-0.0.100-2.el6.x86_64
Installing libmcpp-2.7.2-4.1.el6.x86_64
Installing mcpp-2.7.2-4.1.el6.x86_64
Installing xorg-x11-server-utils-7.7-2.el6.x86_64
Installing xorg-x11-xinit-1.0.9-14.el6.x86_64
Installing imsettings-0.108.0-3.6.el6.x86_64
Installing plymouth-core-libs-0.8.3-27.el6.centos.1.x86_64
Installing plymouth-0.8.3-27.el6.centos.1.x86_64
Installing plymouth-utils-0.8.3-27.el6.centos.1.x86_64
Installing smp_utils-0.94-4.el6.x86_64
Installing sg3_utils-libs-1.28-6.el6.x86_64
Installing udisks-1.0.1-7.el6_5.x86_64
Installing gnome-disk-utility-libs-2.30.1-2.el6.x86_64
Installing gvfs-1.4.3-18.el6.x86_64
Installing nautilus-extensions-2.28.4-19.el6.x86_64
Installing nautilus-2.28.4-19.el6.x86_64
Installing libwacom-data-0.8-1.el6.noarch
Installing libwacom-0.8-1.el6.x86_64
Installing fontpackages-filesystem-1.41-1.1.el6.noarch
Installing liberation-fonts-common-1.05.1.20090721-5.el6.noarch
Installing liberation-sans-fonts-1.05.1.20090721-5.el6.noarch
Installing xulrunner-17.0.10-1.el6.centos.x86_64
Installing yelp-2.28.1-17.el6_3.x86_64
Installing system-config-date-docs-1.0.11-1.el6.noarch
Installing system-config-date-1.9.60-2.el6.centos.noarch
Installing system-config-services-0.99.45-1.el6.3.noarch
Installing system-config-services-docs-1.1.8-1.el6.noarch
Installing system-config-users-1.2.106-7.el6.noarch
Installing system-config-users-docs-1.0.8-2.el6.noarch
Installing gpxe-roms-qemu-0.9.7-6.12.el6.noarch
Installing sgabios-bin-0-0.3.20110621svn.el6.noarch
Installing vgabios-0.6b-3.7.el6.noarch
Installing seabios-0.6.1.2-28.el6.x86_64
Installing qemu-kvm-0.12.1.2-2.448.el6_6.2.x86_64
Installing pygobject2-doc-2.20.0-5.el6.x86_64
Installing kernel-firmware-2.6.32-504.16.2.el6.noarch
Installing kbd-misc-1.15-11.el6.noarch
Installing kbd-1.15-11.el6.x86_64
Installing pm-utils-1.2.5-11.el6.x86_64
Installing hal-info-20090716-3.1.el6.noarch
Installing hal-0.5.14-14.el6.x86_64
Installing libvirt-client-0.10.2-46.el6_6.6.x86_64
Installing ccid-1.3.9-7.el6.x86_64
Installing pcsc-lite-1.5.2-14.el6.x86_64
Installing DeviceKit-power-014-3.el6.x86_64
Installing libvirt-python-0.10.2-46.el6_6.6.x86_64
Installing dracut-004-356.el6_6.2.noarch
Installing dracut-kernel-004-356.el6_6.2.noarch
Installing kernel-2.6.32-504.16.2.el6.x86_64
Installing lldpad-0.9.46-3.el6_5.x86_64
Installing fcoe-utils-1.0.28-3.el6.x86_64
Installing fuse-2.8.3-4.el6.x86_64
Installing libguestfs-1.20.11-11.el6.x86_64
Installing perl-Sys-Guestfs-1.20.11-11.el6.x86_64
Installing python-virtinst-0.600.0-24.el6.noarch
Installing coolkey-1.1.0-32.el6.x86_64
Installing libvirt-0.10.2-46.el6_6.6.x86_64
Installing perl-Sys-Virt-0.10.2-5.el6.x86_64
Installing system-setup-keyboard-0.7-4.el6.x86_64
Installing xorg-x11-server-Xorg-1.15.0-26.el6.centos.x86_64
Installing xorg-x11-drv-wacom-0.23.0-4.el6.x86_64
Installing gnome-settings-daemon-2.28.2-30.el6.x86_64
Installing control-center-2.28.1-39.el6.x86_64
Installing gnome-session-2.28.0-22.el6.x86_64
Installing plymouth-gdm-hooks-0.8.3-27.el6.centos.1.x86_64
Installing gdm-2.30.4-64.el6.x86_64
Installing pulseaudio-gdm-hooks-0.9.21-17.el6.x86_64
Installing gnome-session-xsession-2.28.0-22.el6.x86_64
Installing gnome-panel-2.30.2-15.el6.x86_64
Installing xorg-x11-drv-xgi-1.6.0-20.20121114git.el6.x86_64
Installing xorg-x11-drv-voodoo-1.2.5-10.el6.x86_64
Installing xorg-x11-drv-void-1.4.0-23.el6.x86_64
Installing xorg-x11-drv-vmware-13.0.1-9.el6.x86_64
Installing xorg-x11-drv-vmmouse-13.0.0-2.el6.x86_64
Installing xorg-x11-drv-vesa-2.3.2-15.el6.x86_64
Installing xorg-x11-drv-v4l-0.2.0-36.el6.x86_64
Installing xorg-x11-drv-trident-1.3.6-10.el6.x86_64
Installing xorg-x11-drv-tdfx-1.4.5-10.el6.x86_64
Installing xorg-x11-drv-synaptics-1.7.6-1.el6.x86_64
Installing xorg-x11-drv-sisusb-0.9.6-10.el6.x86_64
Installing xorg-x11-drv-sis-0.10.7-10.el6.x86_64
Installing xorg-x11-drv-siliconmotion-1.7.7-9.el6.x86_64
Installing xorg-x11-drv-savage-2.3.7-2.el6.x86_64
Installing xorg-x11-drv-s3virge-1.10.6-10.el6.x86_64
Installing xorg-x11-drv-rendition-4.2.5-10.el6.x86_64
Installing xorg-x11-drv-r128-6.9.1-8.el6.x86_64
Installing xorg-x11-drv-qxl-0.1.1-15.el6.x86_64
Installing xorg-x11-drv-penmount-1.5.0-5.el6.x86_64
Installing xorg-x11-drv-openchrome-0.3.3-6.el6.x86_64
Installing xorg-x11-drv-nv-2.1.20-5.el6.x86_64
Installing xorg-x11-drv-nouveau-1.0.10-1.el6.x86_64
Installing xorg-x11-drv-mutouch-1.3.0-5.el6.x86_64
Installing xorg-x11-drv-mouse-1.9.0-1.el6.x86_64
Installing xorg-x11-drv-modesetting-0.8.0-14.el6.x86_64
Installing xorg-x11-drv-mga-1.6.3-5.el6.x86_64
Installing xorg-x11-drv-mach64-6.9.4-8.el6.x86_64
Installing xorg-x11-drv-keyboard-1.8.0-1.el6.x86_64
Installing xorg-x11-drv-intel-2.99.911-6.el6.x86_64
Installing xorg-x11-drv-i740-1.3.4-11.el6.x86_64
Installing xorg-x11-drv-i128-1.3.6-10.el6.x86_64
Installing xorg-x11-drv-hyperpen-1.4.1-5.el6.x86_64
Installing xorg-x11-drv-glint-1.2.8-10.el6.x86_64
Installing xorg-x11-drv-fpit-1.4.0-6.el6.x86_64
Installing xorg-x11-drv-fbdev-0.4.3-16.el6.x86_64
Installing xorg-x11-drv-evdev-2.8.2-4.el6.x86_64
Installing xorg-x11-drv-elographics-1.4.1-3.el6.x86_64
Installing xorg-x11-drv-dummy-0.3.6-15.el6.x86_64
Installing xorg-x11-drv-cirrus-1.5.2-2.el6.x86_64
Installing xorg-x11-drv-ast-0.98.0-1.el6.x86_64
Installing xorg-x11-drv-apm-1.2.5-10.el6.x86_64
Installing xorg-x11-drv-aiptek-1.4.1-5.el6.x86_64
Installing xorg-x11-drv-acecad-1.5.0-7.el6.x86_64
Installing xorg-x11-glamor-0.6.0-5.20140506gitf78901e.el6.x86_64
Installing xorg-x11-drv-ati-7.3.99-2.el6.x86_64
Installing centos-indexhtml-6-2.el6.centos.noarch
Installing redhat-bookmarks-6-1.el6.centos.noarch
Installing comps-extras-17.8-1.el6.noarch
Installing mobile-broadband-provider-info-1.20100122-4.el6.noarch
Installing NetworkManager-0.8.1-75.el6.x86_64
Installing NetworkManager-devel-0.8.1-75.el6.x86_64
Installing NetworkManager-glib-devel-0.8.1-75.el6.x86_64
Installing anaconda-13.21.229-1.el6.x86_64
Installing NetworkManager-gnome-0.8.1-75.el6.x86_64
Installing firefox-31.6.0-2.el6.centos.x86_64
Installing xorg-x11-drivers-7.3-13.4.el6.x86_64
Installing gnome-applets-2.28.0-7.el6.centos.x86_64
Installing orca-2.28.2-1.el6.x86_64
Installing virt-v2v-0.9.1-5.el6_5.x86_64
Installing esc-1.1.0-26.el6.centos.x86_64
Installing virt-manager-0.9.0-28.el6.x86_64
Installing autofs-5.0.5-109.el6_6.1.x86_64
Installing irqbalance-1.0.4-10.el6.x86_64
Installing pcmciautils-015-4.2.el6.x86_64
Installing libmlx4-1.0.6-6.el6.x86_64
Installing gnome-power-manager-2.28.3-7.el6_4.x86_64
Installing virt-top-1.0.4-3.15.el6.x86_64
Installing pygobject2-devel-2.20.0-5.el6.x86_64
Installing firstboot-1.110.15-1.el6.x86_64
Installing evince-2.28.2-14.el6_0.1.x86_64
Installing gnome-user-share-2.28.2-3.el6.x86_64
Installing nautilus-open-terminal-0.17-4.el6.x86_64
Installing file-roller-2.28.2-7.el6.x86_64
Installing nautilus-sendto-2.28.2-4.el6.x86_64
Installing im-chooser-1.3.1-3.el6.x86_64
Installing iptstate-2.2.2-4.el6.x86_64
Installing sysfsutils-2.1.0-7.el6.x86_64
Installing selinux-policy-targeted-3.7.19-260.el6_6.2.noarch
Installing docbook-utils-pdf-0.6.14-25.el6.noarch
Installing gnome-vfs2-smb-2.24.2-6.el6.x86_64
Installing sysstat-9.0.4-27.el6.x86_64
Installing conman-0.2.7-2.el6.x86_64
Installing tftp-server-0.49-7.el6.x86_64
Installing system-config-network-tui-1.6.0.el6.2-1.el6.noarch
Installing emacs-23.1-25.el6.x86_64
Installing device-mapper-devel-1.02.90-2.el6_6.2.x86_64
Installing opensm-3.3.17-1.el6.x86_64
Installing SDL-devel-1.2.14-3.el6.x86_64
Installing sabayon-apply-2.29.92-3.el6.x86_64
Installing setools-3.3.7-4.el6.x86_64
Installing httpd-devel-2.2.15-39.el6.centos.x86_64
Installing openmpi-devel-1.8.1-1.el6.x86_64
Installing gedit-2.28.4-3.el6.x86_64
Installing gnome-system-monitor-2.28.0-11.el6.x86_64
Installing gok-2.28.1-5.el6.x86_64
Installing gnome-utils-2.28.1-10.el6.x86_64
Installing eog-2.28.2-4.el6.x86_64
Installing gnome-pilot-2.0.17-9.el6.x86_64
Installing openssh-askpass-5.3p1-104.el6_6.1.x86_64
Installing openssh-server-5.3p1-104.el6_6.1.x86_64
Installing iscsi-initiator-utils-devel-6.2.0.873-13.el6.x86_64
Installing mgetty-1.1.36-8.el6.x86_64
Installing sendmail-8.14.4-8.el6.x86_64
Installing mod_ssl-2.2.15-39.el6.centos.x86_64
Installing tomcat-connectors-1.2.20-0.x86_64
Installing php-5.3.3-40.el6_6.x86_64
Installing glx-utils-10.1.2-2.el6.x86_64
Installing fail2ban-0.8.14-1.el6.noarch
Installing mysql-server-5.1.73-3.el6_5.x86_64
Installing dhcp-4.1.1-43.P1.el6.centos.1.x86_64
Installing net-snmp-5.5-50.el6_6.1.x86_64
Installing quota-3.17-21.el6_5.x86_64
Installing acpid-1.0.10-2.1.el6.x86_64
Installing readahead-1.5.6-2.el6.x86_64
Installing microcode_ctl-1.17-19.el6.x86_64
Installing cpuspeed-1.5-20.el6_4.x86_64
Installing rp-pppoe-3.10-11.el6.x86_64
Installing oddjob-0.30-5.el6.x86_64
Installing smartmontools-5.43-1.el6.x86_64
Installing prelink-0.4.6-3.1.el6_4.x86_64
Installing ImageMagick-6.5.4.7-7.el6_5.x86_64
Installing rocks-channel-6.2-0.x86_64
Installing ganglia-webfrontend-addons-6.2-0.x86_64
Installing intltool-0.41.0-1.1.el6.noarch
Installing perl-ExtUtils-ParseXS-2.2003.0-136.el6_6.1.x86_64
Installing ibutils-1.5.7-9.el6.x86_64
Installing mosh-1.2.4-1.x86_64
Installing gcc-c++-4.4.7-11.el6.x86_64
Installing krb5-auth-dialog-0.13-3.el6.x86_64
Installing vino-2.28.1-9.el6_4.x86_64
Installing gnome-screensaver-2.28.3-28.el6.x86_64
Installing php-mysql-5.3.3-40.el6_6.x86_64
Installing ipmitool-1.8.11-21.el6.x86_64
Installing OpenIPMI-devel-2.0.16-14.el6.x86_64
Installing net-snmp-utils-5.5-50.el6_6.1.x86_64
Installing alacarte-0.12.4-1.el6.noarch
Installing sos-2.2-68.el6.centos.noarch
Installing php-gd-5.3.3-40.el6_6.x86_64
Installing php-mbstring-5.3.3-40.el6_6.x86_64
Installing php-xml-5.3.3-40.el6_6.x86_64
Installing gtkhtml3-3.32.2-2.el6.x86_64
Installing sudo-1.8.6p3-15.el6.x86_64
Installing pam_pkcs11-0.6.2-14.el6.x86_64
Installing rpm-build-4.8.0-38.el6_6.x86_64
Installing rpm-devel-4.8.0-38.el6_6.x86_64
Installing rocks-tracker-6.2-1.x86_64
Installing libcurl-devel-7.19.7-40.el6_6.4.x86_64
Installing iolib-1.12.5-1.x86_64
Installing vim-enhanced-7.2.411-1.8.el6.x86_64
Installing libtool-2.2.6-15.5.el6.x86_64
Installing glibc-static-2.12-1.149.el6_6.7.x86_64
Installing xorg-x11-fonts-Type1-7.2-9.1.el6.noarch
Installing libblkid-devel-2.17.2-12.18.el6.x86_64
Installing mysql-devel-5.1.73-3.el6_5.x86_64
Installing libglade2-devel-2.6.4-3.1.el6.x86_64
Installing pycairo-devel-1.8.6-2.1.el6.x86_64
Installing foundation-python-extras-6.2-2.x86_64
Installing libXxf86dga-devel-1.1.4-2.1.el6.x86_64
Installing libXevie-devel-1.0.3-4.el6.x86_64
Installing tk-devel-8.5.7-5.el6.x86_64
Installing elfutils-devel-0.158-3.2.el6.x86_64
Installing dump-0.4-0.6.b42.el6.x86_64
Installing Xaw3d-devel-1.5E-15.1.el6.x86_64
Installing libibmad-devel-1.3.11-1.el6.x86_64
Installing ncbi-6.1-4.x86_64
Installing logwatch-7.3.6-52.el6.noarch
Installing syslinux-perl-4.04-3.el6.x86_64
Installing openmotif-devel-2.3.3-8.el6.x86_64
Installing libXfont-devel-1.4.5-4.el6_6.x86_64
Installing bind-utils-9.8.2-0.30.rc1.el6_6.2.x86_64
Installing bind-9.8.2-0.30.rc1.el6_6.2.x86_64
Installing libarchive-devel-2.8.3-4.el6_2.x86_64
Installing rocks-snmp-status-6.2-0.noarch
Installing rocks-sql-6.2-1.noarch
Installing opt-python-modules-2.7.9-2.x86_64
Installing rocks-openmpi-modules-1.6.2-1.x86_64
Installing OpenIPMI-perl-2.0.16-14.el6.x86_64
Installing OpenIPMI-python-2.0.16-14.el6.x86_64
Installing MySQL-python-1.2.3-0.3.c1.1.el6.x86_64
Installing EMBOSS-6.3.1-1.x86_64
Installing libIDL-devel-0.8.13-2.1.el6.x86_64
Installing rocks-kickstart-6.2-0.x86_64
Installing rocks-devel-6.2-3.x86_64
Installing foundation-python-sphinx-1.2.2-0.x86_64
Installing foundation-python-xml-0.8.4-0.x86_64
Installing rocks-command-kvm-6.2-2.x86_64
Installing rocks-ssl-6.2-0.noarch
Installing rocks-config-6.2-1.x86_64
Installing rocks-admin-6.2-0.x86_64
Installing tentakel-2.2-0.x86_64
Installing rocks-411-master-6.2-0.noarch
Installing foundation-python-setuptools-0.6.10-0.x86_64
Installing ganglia-news-6.2-1.x86_64
Installing rocks-411-6.2-0.noarch
Installing ganglia-python-6.2-1.x86_64
Installing rocks-restore-roll-6.2-1.x86_64
Installing foundation-mercurial-1.8.2-0.x86_64
Installing PyXML-0.8.4-19.el6.x86_64
Installing m2crypto-0.20.2-9.el6.x86_64
Installing torque-openmpi-0.0.1-0.x86_64
Installing mauiweb-0.0.1-0.x86_64
Installing foundation-ant-1.7.1-0.noarch
Installing qemu-kvm-tools-0.12.1.2-2.448.el6_6.2.x86_64
Installing tripwire-2.4.2-1.x86_64
Installing wget-1.12-5.el6_6.1.x86_64
Installing foundation-wget-1.10.2-0.x86_64
Installing tcpdump-4.0.0-3.20090921gitdf3cb4.2.el6.x86_64
Installing stunnel-4.29-3.el6_6.1.x86_64
Installing newt-devel-0.52.11-3.el6.x86_64
Installing libXvMC-devel-1.0.8-2.1.el6.x86_64
Installing gpm-1.20.6-12.el6.x86_64
Installing netpbm-devel-10.47.05-11.el6.x86_64
Installing crash-6.1.0-6.el6_6.x86_64
Installing readline-devel-6.0-4.el6.x86_64
Installing mkbootdisk-1.5.5-3.el6.x86_64
Installing e2fsprogs-devel-1.41.12-21.el6.x86_64
Installing isomd5sum-devel-1.0.6-1.el6.x86_64
Installing libXtst-devel-1.2.2-2.1.el6.x86_64
Installing gd-devel-2.0.35-11.el6.x86_64
Installing libXaw-devel-1.0.11-2.el6.x86_64
Installing libXres-devel-1.0.7-2.1.el6.x86_64
Installing libXScrnSaver-devel-1.2.2-2.el6.x86_64
Installing libXxf86misc-devel-1.0.3-4.el6.x86_64
Installing memtest86+-4.10-2.el6.x86_64
Installing java3d-1.5.1-0.x86_64
Installing antlr-3.1-0.x86_64
Installing pinfo-0.6.9-12.el6.x86_64
Installing infiniband-diags-1.6.4-1.el6.x86_64
Installing dapl-devel-2.0.34-1.el6.x86_64
Installing dapl-utils-2.0.34-1.el6.x86_64
Installing pciutils-devel-3.1.10-4.el6.x86_64
Installing ntsysv-1.3.49.3-2.el6_4.1.x86_64
Installing nss_db-2.2.3-0.5.pre1.el6_5.1.x86_64
Installing krb5-workstation-1.10.3-37.el6_6.x86_64
Installing libmng-devel-1.0.10-4.1.el6.x86_64
Installing xorg-x11-apps-7.7-6.el6.x86_64
Installing xrestop-0.4-7.1.el6.x86_64
Installing mpi-tests-6.2-1.x86_64
Installing mpitests-openmpi-3.2.4-2.el6.x86_64
Installing mrbayes-3.1.2-1.x86_64
Installing mpiblast-1.6.0-1.x86_64
Installing gromacs-4.5.4-1.x86_64
Installing compat-dapl-devel-1.2.19-2.el6.x86_64
Installing mpiexec-0.84-1.x86_64
Installing pbs_python-3.5.0-0.x86_64
Installing maui-3.3.1-1.x86_64
Installing stream-5.9-1.x86_64
Installing xorg-x11-fonts-ISO8859-1-75dpi-7.2-9.1.el6.noarch
Installing xorg-x11-fonts-100dpi-7.2-9.1.el6.noarch
Installing xorg-x11-fonts-75dpi-7.2-9.1.el6.noarch
Installing xorg-x11-fonts-ISO8859-1-100dpi-7.2-9.1.el6.noarch
Installing xterm-253-1.el6.x86_64
Installing dvd+rw-tools-7.1-6.el6.x86_64
Installing fasta-36.3.5a-1.x86_64
Installing docbook-style-xsl-1.75.2-6.el6.noarch
Installing usbutils-003-4.el6.x86_64
Installing libXdmcp-devel-1.1.1-3.el6.x86_64
Installing bison-2.4.1-5.el6.x86_64
Installing flex-2.5.35-9.el6.x86_64
Installing tigr-v2-1.x86_64
Installing glimmer-3.02-1.x86_64
Installing rcs-5.7-37.el6.x86_64
Installing ksh-20120801-21.el6_6.3.x86_64
Installing redhat-rpm-config-9.0.3-42.el6.centos.noarch
Installing sharutils-4.7-6.1.el6.x86_64
Installing gmap-20110328-1.x86_64
Installing pbstools-2.0-1.x86_64
Installing perl-Pod-Simple-3.13-136.el6_6.1.x86_64
Installing perl-Error-0.17015-4.el6.noarch
Installing perl-Pod-Escapes-1.04-136.el6_6.1.x86_64
Installing perl-version-0.77-136.el6_6.1.x86_64
Installing phylip-3.69-1.x86_64
Installing binutils-devel-2.20.51.0.2-5.42.el6.x86_64
Installing jwhois-4.0-19.el6.x86_64
Installing kernel-devel-2.6.32-504.16.2.el6.x86_64
Installing libmthca-1.0.6-3.el6.x86_64
Installing libibverbs-devel-1.1.8-3.el6.x86_64
Installing libart_lgpl-devel-2.3.20-5.1.el6.x86_64
Installing xorg-x11-twm-1.0.3-5.1.el6.x86_64
Installing libnl-devel-1.1.4-2.el6.x86_64
Installing foundation-pysqlite-2.6.3-1.x86_64
Installing foundation-sqlite-3.7.10-0.x86_64
Installing cyrus-sasl-plain-2.1.23-15.el6_6.2.x86_64
Installing lftp-4.0.9-1.el6_5.1.x86_64
Installing ftp-0.17-54.el6.x86_64
Installing bzip2-devel-1.0.5-7.el6_0.x86_64
Installing mlocate-0.22.2-4.el6.x86_64
Installing wodim-1.1.9-12.el6.x86_64
Installing psacct-6.3.2-63.el6_3.3.x86_64
Installing amtu-1.0.8-11.el6.x86_64
Installing google-authenticator-7SEP2012-0.x86_64
Installing pam_krb5-2.3.11-9.el6.x86_64
Installing pam_passwdqc-1.0.5-6.el6.x86_64
Installing tcoffee-8.99-1.x86_64
Installing tigervnc-1.1.0-16.el6.centos.x86_64
Installing libtiff-devel-3.9.4-10.el6_5.x86_64
Installing pcre-devel-7.8-6.el6.x86_64
Installing foundation-coreutils-8.9-0.x86_64
Installing audit-libs-devel-2.3.7-5.el6.x86_64
Installing nspr-devel-4.10.8-1.el6_6.x86_64
Installing qrencode-3.4.0-1.x86_64
Installing aspell-0.60.6-12.el6.x86_64
Installing nano-2.0.9-7.el6.x86_64
Installing reportlab-2.5-1.x86_64
Installing apache-maven-3.2.1-0.x86_64
Installing rocks-kvm-vlan-init-6.2-0.x86_64
Installing chkrootkit-0.49-1.x86_64
Installing rocks-ganglia-6.2-3.x86_64
Installing foundation-gawk-3.1.5-0.x86_64
Installing apache-tomcat-5.x-0.x86_64
Installing rpmforge-release-0.5.2-2.el6.rf.x86_64
warning: rpmforge-release-0.5.2-2.el6.rf.x86_64: Header V3 DSA/SHA1 Signature, key ID 6b8d79e6: NOKEY
Installing foundation-libxml2-2.6.23-0.x86_64
Installing rocks-boot-auto-6.2-1.x86_64
Installing tripwire-config-6.2-1.x86_64
Installing rocks-boot-6.2-1.x86_64
Installing phpsysinfo-3.1.8-1.x86_64
Installing rocks-sec-channel-server-6.2-2.x86_64
Installing roll-torque-usersguide-6.0-0.noarch
Installing rocks-kvm-server-init-6.2-0.x86_64
Installing opt-fftw-3.2.2-1.x86_64
Installing mpich2-ethernet-gnu-1.4.1p1-0.x86_64
Installing epel-release-6-5.noarch
Installing ganglia-monitor-web-3.5.12-0.x86_64
Installing iozone-3.397-0.x86_64
Installing libhugetlbfs-2.16-2.el6.x86_64
Installing mcelog-101-0.el6.x86_64
Installing telnet-0.17-48.el6.x86_64
Installing mtr-0.75-5.el6.x86_64
Installing talk-0.17-36.el6.x86_64
Installing autodocksuite-4.2.3-1.x86_64
Installing opt-iperf-2.0.5-1.x86_64
Installing clustalw-2.1-1.x86_64
Installing xorg-x11-xtrans-devel-1.3.4-1.el6.noarch
Installing fcgi-2.4.0-0.x86_64
Installing foundation-rcs-5.7-0.x86_64
Installing foundation-tidy-05_07_15-0.x86_64
Installing hmmer-3.0-1.x86_64
Installing rdate-1.4-16.el6.x86_64
Installing libobjc-4.4.7-11.el6.x86_64
Installing compat-libf2c-34-3.4.6-19.el6.x86_64
Installing setserial-2.17-25.el6.x86_64
Installing traceroute-2.0.14-2.el6.x86_64
Installing vconfig-1.9-8.1.el6.x86_64
Installing finger-0.17-40.el6.x86_64
Installing symlinks-1.4-2.1.el6.x86_64
Installing dos2unix-3.1-37.el6.x86_64
Installing rsh-0.17-64.el6.x86_64
Installing unix2dos-2.2-35.el6.x86_64
Installing tree-1.5.3-2.el6.x86_64
Installing rdist-6.1.5-49.el6.x86_64
Installing eject-2.1.5-17.el6.x86_64
Installing opt-perl-Clone-0.38-2.el6.x86_64
Installing opt-perl-SVG-Graph-0.02-2.el6.noarch
Installing opt-perl-Digest-SHA1-2.13-2.el6.x86_64
Installing opt-perl-Module-Signature-0.78-2.el6.noarch
Installing opt-perl-Array-Compare-2.11-2.el6.noarch
Installing opt-perl-Text-Reform-1.20-2.el6.noarch
Installing opt-perl-Cache-Cache-1.08-2.el6.noarch
Installing opt-perl-Dist-CheckConflicts-0.11-2.el6.noarch
Installing opt-perl-Text-Iconv-1.7-2.el6.x86_64
Installing opt-perl-XML-Twig-3.49-2.el6.noarch
Installing opt-perl-SOAP-Lite-1.14-2.el6.noarch
Installing opt-perl-AppConfig-1.71-2.el6.noarch
Installing opt-perl-Math-Derivative-0.01-2.el6.noarch
Installing opt-perl-Params-Util-1.07-2.el6.x86_64
Installing opt-perl-GraphViz-2.16-2.el6.noarch
Installing opt-perl-Math-Random-0.71-2.el6.x86_64
Installing opt-perl-Test-Warn-0.30-2.el6.noarch
Installing opt-perl-Data-OptList-0.109-2.el6.noarch
Installing opt-perl-Math-Spline-0.02-2.el6.noarch
Installing opt-perl-Sub-Exporter-0.987-2.el6.noarch
Installing opt-perl-Test-Deep-0.115-2.el6.noarch
Installing opt-perl-Data-Stag-0.14-2.el6.x86_64
Installing opt-perl-Inline-0.80-2.el6.noarch
Installing opt-perl-Error-0.17023-2.el6.noarch
Installing opt-perl-File-Find-Rule-0.33-2.el6.noarch
Installing opt-perl-Encode-Locale-1.04-2.el6.noarch
Installing opt-perl-Software-License-0.103010-2.el6.noarch
Installing opt-perl-Sub-Uplevel-0.25-2.el6.noarch
Installing opt-perl-LWP-MediaTypes-6.02-2.el6.noarch
Installing opt-perl-Pod-POM-0.29-2.el6.noarch
Installing opt-perl-XML-Writer-0.625-2.el6.noarch
Installing opt-perl-Path-Class-0.35-2.el6.noarch
Installing opt-perl-Spreadsheet-ParseExcel-0.65-2.el6.noarch
Installing opt-perl-File-Listing-6.04-2.el6.noarch
Installing opt-perl-OLE-Storage_Lite-0.19-2.el6.noarch
Installing opt-perl-IO-stringy-2.111-2.el6.noarch
Installing opt-perl-Net-HTTP-6.07-2.el6.noarch
Installing opt-perl-Test-Requires-0.08-2.el6.noarch
Installing opt-perl-XML-NamespaceSupport-1.11-2.el6.noarch
Installing opt-perl-Graph-0.96-2.el6.noarch
Installing opt-perl-BioPerl-Run-1.006900-2.el6.noarch
Installing opt-perl-DBD-mysql-4.031-2.el6.x86_64
Installing opt-perl-Task-Weaken-1.04-2.el6.noarch
Installing opt-perl-HTTP-Daemon-6.01-2.el6.noarch
Installing opt-perl-File-Slurp-9999.19-2.el6.noarch
Installing opt-perl-AcePerl-1.92-2.el6.x86_64
Installing opt-perl-libxml-perl-0.08-2.el6.noarch
Installing opt-perl-Digest-Perl-MD5-1.9-2.el6.noarch
Installing opt-perl-XML-XPathEngine-0.14-2.el6.noarch
Installing opt-perl-HTTP-Negotiate-6.01-2.el6.noarch
Installing opt-perl-XML-LibXML-2.0121-2.el6.x86_64
Installing opt-perl-XML-DOM-XPath-0.14-2.el6.noarch
Installing opt-perl-Tree-DAG_Node-1.26-2.el6.noarch
Installing opt-perl-HTML-Tagset-3.20-2.el6.noarch
Installing opt-perl-Set-Scalar-1.29-2.el6.noarch
Installing opt-perl-Sub-Install-0.928-2.el6.noarch
Installing opt-perl-Package-Stash-XS-0.28-2.el6.x86_64
Installing opt-perl-Text-Glob-0.09-2.el6.noarch
Installing opt-perl-Package-DeprecationManager-0.14-2.el6.noarch
Installing opt-perl-HTTP-Date-6.02-2.el6.noarch
Installing opt-perl-IO-String-1.08-2.el6.noarch
Installing opt-perl-Test-Fatal-0.014-2.el6.noarch
Installing opt-perl-Devel-GlobalDestruction-0.13-2.el6.noarch
Installing opt-perl-XML-LibXSLT-1.94-2.el6.x86_64
Installing opt-perl-SVG-2.50-2.el6.noarch
Installing opt-perl-XML-RegExp-0.04-2.el6.noarch
Installing opt-perl-HTTP-Cookies-6.01-2.el6.noarch
Installing opt-perl-Text-Autoformat-1.71-2.el6.noarch
Installing opt-perl-Crypt-RC4-2.02-2.el6.noarch
Installing opt-perl-Data-Section-0.200006-2.el6.noarch
Installing opt-perl-XML-Filter-BufferText-1.01-2.el6.noarch
Installing opt-perl-XML-SAX-Writer-0.56-2.el6.noarch
Installing opt-perl-BioPerl-Network-1.006900-2.el6.noarch
Installing opt-perl-List-MoreUtils-0.410-2.el6.x86_64
Installing opt-perl-XML-Simple-2.20-2.el6.noarch
Installing opt-perl-Tie-Hash-MultiValue-1.02-2.el6.noarch
Installing opt-perl-Parse-RecDescent-1.967009-2.el6.x86_64
Installing opt-perl-HTTP-Message-6.06-2.el6.noarch
Installing opt-perl-libwww-perl-6.13-2.el6.noarch
Installing opt-perl-Number-Compare-0.03-2.el6.noarch
Installing opt-perl-Test-NoWarnings-1.04-2.el6.noarch
Installing opt-perl-Hash-AutoHash-Args-1.18-2.el6.noarch
Installing opt-perl-Template-Toolkit-2.26-2.el6.x86_64
Installing opt-perl-MLDBM-2.05-2.el6.noarch
Installing opt-perl-MRO-Compat-0.12-2.el6.noarch
Installing opt-perl-XML-Parser-2.44-2.el6.x86_64
Installing opt-perl-Tie-ToObject-0.03-2.el6.noarch
Installing opt-perl-YAML-1.15-2.el6.noarch
Installing opt-perl-Class-AutoClass-1.56-2.el6.noarch
Installing opt-perl-IPC-Run-0.94-2.el6.noarch
Installing opt-perl-XML-SAX-0.99-2.el6.noarch
Installing opt-perl-HTML-Parser-3.71-2.el6.x86_64
Installing opt-perl-BioPerl-1.6.924-2.el6.noarch
Installing opt-perl-Class-Inspector-1.28-2.el6.noarch
Installing opt-perl-Readonly-2.00-2.el6.noarch
Installing opt-perl-Tk-804.033-2.el6.x86_64
Installing opt-perl-BioPerl-DB-1.006900-2.el6.noarch
Installing opt-perl-XML-DOM-1.44-2.el6.noarch
Installing opt-perl-Text-Shellwords-1.08-2.el6.noarch
Installing opt-perl-Try-Tiny-0.22-2.el6.noarch
Installing opt-perl-Algorithm-Munkres-0.08-2.el6.noarch
Installing opt-perl-URI-1.67-2.el6.noarch
Installing opt-perl-Text-Template-1.46-2.el6.noarch
Installing opt-perl-WWW-RobotRules-6.02-2.el6.noarch
Installing opt-perl-DBI-1.633-2.el6.x86_64
Installing opt-perl-Hash-AutoHash-1.17-2.el6.noarch
Installing opt-perl-Statistics-Descriptive-3.0608-2.el6.noarch
Installing gnome-backgrounds-2.28.0-2.el6.noarch
Installing man-pages-3.22-20.el6.noarch
Installing words-3.0-17.el6.noarch
Installing gnu-efi-3.0g-2.el6.x86_64
Installing rootfiles-8.1-6.1.el6.noarch
Installing rocks-developersguide-6.2-2.noarch
Installing opt-numpy-27-1.8.0-1.x86_64
Installing opt-python-27-2.7.9-1.x86_64
Installing opt-python-3-3.3.6-1.x86_64
Installing pbs-ganglia-3.2.0-0.noarch
Installing pxeflash-1.0-0.x86_64
Installing opt-setuptools-33-6.1-1.x86_64
Installing pbs-dbreport-6.0-1.noarch
Installing rocks-config-server-6.2-1.x86_64
Installing rocks-java-6.2-0.x86_64
Installing rocks-command-ganglia-6.2-2.x86_64
Installing roll-perl-usersguide-6.2-0.x86_64
Installing foundation-python-daemon-1.5.5-1.x86_64
Installing roll-ganglia-usersguide-6.2-2.noarch
Installing ClusterTools_gnu-8.2.1-09d.x86_64
Installing wgs-6.1-1.x86_64
Installing sunct-extra-8.2.1-1.x86_64
Installing roll-base-usersguide-6.2-2.noarch
Installing virt-p2v-0.9.1-2.20130730.1.el6.centos.noarch
Installing rocks-secattr-plugins-6.2-1.x86_64
Installing foundation-git-1.7.11.4-2.x86_64
Installing rocks-command-torque-6.0-0.x86_64
Installing elrepo-release-6-4.el6.elrepo.noarch
warning: elrepo-release-6-4.el6.elrepo.noarch: Header V4 DSA/SHA1 Signature, key ID baadae52: NOKEY
Installing roll-hpc-usersguide-6.2-0.noarch
Installing rocks-bio-profile-6.2-1.x86_64
Installing opt-setuptools-27-6.1-1.x86_64
Installing roll-bio-usersguide-6.2-0.noarch
Installing roll-python-usersguide-6.2-0.x86_64
Installing rocks-cpan-6.2-2.x86_64
Installing roll-kvm-usersguide-6.2-2.noarch
Installing rocks-hpc-profile-6.2-1.x86_64
Installing roll-area51-usersguide-6.2-0.noarch
Installing kernel-doc-2.6.32-504.16.2.el6.noarch
Installing rocks-upstart-6.2-0.x86_64
Installing pbs-insert-ethers-6.0-2.noarch
Installing foundation-python-lockfile-0.8-1.x86_64
Installing nss-softokn-freebl-3.14.3-22.el6_6.i686
Installing glibc-2.12-1.149.el6_6.7.i686
Installing slang-2.2.1-1.el6.i686
Installing foundation-redhat-6.2-0.x86_64
*** FINISHED INSTALLING PACKAGES ***